2023-11-26 00:01:22.285  INFO 25732 --- [SpringApplicationShutdownHook] com.alibaba.druid.pool.DruidDataSource   : {dataSource-1} closing ...
2023-11-26 00:01:22.289  INFO 25732 --- [SpringApplicationShutdownHook] com.alibaba.druid.pool.DruidDataSource   : {dataSource-1} closed
2023-11-26 00:01:27.334  INFO 14940 --- [main] com.example.exp02.Exp02Application       : Starting Exp02Application using Java 1.8.0_341 on DESKTOP-IP2540A with PID 14940 (C:\Users\11064\Desktop\Experiment-SOA-master\exp-02\target\classes started by 11064 in C:\Users\11064\Desktop\Experiment-SOA-master\exp-02)
2023-11-26 00:01:27.336 DEBUG 14940 --- [main] com.example.exp02.Exp02Application       : Running with Spring Boot v2.7.17, Spring v5.3.30
2023-11-26 00:01:27.337  INFO 14940 --- [main] com.example.exp02.Exp02Application       : No active profile set, falling back to 1 default profile: "default"
2023-11-26 00:01:28.230  INFO 14940 --- [main] o.s.b.w.embedded.tomcat.TomcatWebServer  : Tomcat initialized with port(s): 8081 (http)
2023-11-26 00:01:28.235  INFO 14940 --- [main] o.apache.catalina.core.StandardService   : Starting service [Tomcat]
2023-11-26 00:01:28.236  INFO 14940 --- [main] org.apache.catalina.core.StandardEngine  : Starting Servlet engine: [Apache Tomcat/9.0.82]
2023-11-26 00:01:28.343  INFO 14940 --- [main] o.a.c.c.C.[Tomcat].[localhost].[/]       : Initializing Spring embedded WebApplicationContext
2023-11-26 00:01:28.343  INFO 14940 --- [main] w.s.c.ServletWebServerApplicationContext : Root WebApplicationContext: initialization completed in 978 ms
2023-11-26 00:01:28.390  INFO 14940 --- [main] c.a.d.s.b.a.DruidDataSourceAutoConfigure : Init DruidDataSource
2023-11-26 00:01:28.502  INFO 14940 --- [main] com.alibaba.druid.pool.DruidDataSource   : {dataSource-1} inited
2023-11-26 00:01:28.997  INFO 14940 --- [main] o.s.b.w.embedded.tomcat.TomcatWebServer  : Tomcat started on port(s): 8081 (http) with context path ''
2023-11-26 00:01:29.104  INFO 14940 --- [main] com.example.exp02.Exp02Application       : Started Exp02Application in 2.056 seconds (JVM running for 2.748)
2023-11-26 00:01:33.965  INFO 14940 --- [http-nio-8081-exec-1] o.a.c.c.C.[Tomcat].[localhost].[/]       : Initializing Spring DispatcherServlet 'dispatcherServlet'
2023-11-26 00:01:33.965  INFO 14940 --- [http-nio-8081-exec-1] o.s.web.servlet.DispatcherServlet        : Initializing Servlet 'dispatcherServlet'
2023-11-26 00:01:33.966  INFO 14940 --- [http-nio-8081-exec-1] o.s.web.servlet.DispatcherServlet        : Completed initialization in 1 ms
2023-11-26 00:01:34.399 DEBUG 14940 --- [http-nio-8081-exec-1] c.e.e.mapper.ThingMapper.insertThing     : ==>  Preparing: insert into thing (name, quantity, unit) values (?, ?, ?);
2023-11-26 00:01:34.413 DEBUG 14940 --- [http-nio-8081-exec-1] c.e.e.mapper.ThingMapper.insertThing     : ==> Parameters: milk(String), 100(Integer), ml(String)
2023-11-26 00:01:34.417 DEBUG 14940 --- [http-nio-8081-exec-1] c.e.e.mapper.ThingMapper.insertThing     : <==    Updates: 1
2023-11-26 00:14:20.281  INFO 14940 --- [SpringApplicationShutdownHook] com.alibaba.druid.pool.DruidDataSource   : {dataSource-1} closing ...
2023-11-26 00:14:20.284  INFO 14940 --- [SpringApplicationShutdownHook] com.alibaba.druid.pool.DruidDataSource   : {dataSource-1} closed
2023-11-26 00:14:26.461  INFO 2244 --- [main] com.example.exp02.Exp02Application       : Starting Exp02Application using Java 1.8.0_341 on DESKTOP-IP2540A with PID 2244 (C:\Users\11064\Desktop\Experiment-SOA-master\exp-02\target\classes started by 11064 in C:\Users\11064\Desktop\Experiment-SOA-master\exp-02)
2023-11-26 00:14:26.463 DEBUG 2244 --- [main] com.example.exp02.Exp02Application       : Running with Spring Boot v2.7.17, Spring v5.3.30
2023-11-26 00:14:26.463  INFO 2244 --- [main] com.example.exp02.Exp02Application       : No active profile set, falling back to 1 default profile: "default"
2023-11-26 00:14:27.427  INFO 2244 --- [main] o.s.b.w.embedded.tomcat.TomcatWebServer  : Tomcat initialized with port(s): 8081 (http)
2023-11-26 00:14:27.434  INFO 2244 --- [main] o.apache.catalina.core.StandardService   : Starting service [Tomcat]
2023-11-26 00:14:27.434  INFO 2244 --- [main] org.apache.catalina.core.StandardEngine  : Starting Servlet engine: [Apache Tomcat/9.0.82]
2023-11-26 00:14:27.559  INFO 2244 --- [main] o.a.c.c.C.[Tomcat].[localhost].[/]       : Initializing Spring embedded WebApplicationContext
2023-11-26 00:14:27.560  INFO 2244 --- [main] w.s.c.ServletWebServerApplicationContext : Root WebApplicationContext: initialization completed in 1066 ms
2023-11-26 00:14:27.615  INFO 2244 --- [main] c.a.d.s.b.a.DruidDataSourceAutoConfigure : Init DruidDataSource
2023-11-26 00:14:27.749  INFO 2244 --- [main] com.alibaba.druid.pool.DruidDataSource   : {dataSource-1} inited
2023-11-26 00:14:28.290  INFO 2244 --- [main] o.s.b.w.embedded.tomcat.TomcatWebServer  : Tomcat started on port(s): 8081 (http) with context path ''
2023-11-26 00:14:28.401  INFO 2244 --- [main] com.example.exp02.Exp02Application       : Started Exp02Application in 2.253 seconds (JVM running for 2.929)
2023-11-26 00:14:38.796  INFO 2244 --- [http-nio-8081-exec-1] o.a.c.c.C.[Tomcat].[localhost].[/]       : Initializing Spring DispatcherServlet 'dispatcherServlet'
2023-11-26 00:14:38.796  INFO 2244 --- [http-nio-8081-exec-1] o.s.web.servlet.DispatcherServlet        : Initializing Servlet 'dispatcherServlet'
2023-11-26 00:14:38.798  INFO 2244 --- [http-nio-8081-exec-1] o.s.web.servlet.DispatcherServlet        : Completed initialization in 1 ms
2023-11-26 00:14:39.219 DEBUG 2244 --- [http-nio-8081-exec-1] c.e.exp02.mapper.ThingMapper.findThing   : ==>  Preparing: select * from thing
2023-11-26 00:14:39.230 DEBUG 2244 --- [http-nio-8081-exec-1] c.e.exp02.mapper.ThingMapper.findThing   : ==> Parameters: 
2023-11-26 00:14:39.249 DEBUG 2244 --- [http-nio-8081-exec-1] c.e.exp02.mapper.ThingMapper.findThing   : <==      Total: 3
2023-11-26 00:24:18.996  INFO 2244 --- [SpringApplicationShutdownHook] com.alibaba.druid.pool.DruidDataSource   : {dataSource-1} closing ...
2023-11-26 00:24:18.999  INFO 2244 --- [SpringApplicationShutdownHook] com.alibaba.druid.pool.DruidDataSource   : {dataSource-1} closed
2023-11-26 00:24:25.137  INFO 1756 --- [main] com.example.exp02.Exp02Application       : Starting Exp02Application using Java 1.8.0_341 on DESKTOP-IP2540A with PID 1756 (C:\Users\11064\Desktop\Experiment-SOA-master\exp-02\target\classes started by 11064 in C:\Users\11064\Desktop\Experiment-SOA-master\exp-02)
2023-11-26 00:24:25.139 DEBUG 1756 --- [main] com.example.exp02.Exp02Application       : Running with Spring Boot v2.7.17, Spring v5.3.30
2023-11-26 00:24:25.140  INFO 1756 --- [main] com.example.exp02.Exp02Application       : No active profile set, falling back to 1 default profile: "default"
2023-11-26 00:24:26.192  INFO 1756 --- [main] o.s.b.w.embedded.tomcat.TomcatWebServer  : Tomcat initialized with port(s): 8081 (http)
2023-11-26 00:24:26.199  INFO 1756 --- [main] o.apache.catalina.core.StandardService   : Starting service [Tomcat]
2023-11-26 00:24:26.199  INFO 1756 --- [main] org.apache.catalina.core.StandardEngine  : Starting Servlet engine: [Apache Tomcat/9.0.82]
2023-11-26 00:24:26.321  INFO 1756 --- [main] o.a.c.c.C.[Tomcat].[localhost].[/]       : Initializing Spring embedded WebApplicationContext
2023-11-26 00:24:26.321  INFO 1756 --- [main] w.s.c.ServletWebServerApplicationContext : Root WebApplicationContext: initialization completed in 1153 ms
2023-11-26 00:24:26.377  INFO 1756 --- [main] c.a.d.s.b.a.DruidDataSourceAutoConfigure : Init DruidDataSource
2023-11-26 00:24:26.494  INFO 1756 --- [main] com.alibaba.druid.pool.DruidDataSource   : {dataSource-1} inited
2023-11-26 00:24:27.029  INFO 1756 --- [main] o.s.b.w.embedded.tomcat.TomcatWebServer  : Tomcat started on port(s): 8081 (http) with context path ''
2023-11-26 00:24:27.139  INFO 1756 --- [main] com.example.exp02.Exp02Application       : Started Exp02Application in 2.302 seconds (JVM running for 2.978)
2023-11-26 00:25:51.182  INFO 1756 --- [http-nio-8081-exec-1] o.a.c.c.C.[Tomcat].[localhost].[/]       : Initializing Spring DispatcherServlet 'dispatcherServlet'
2023-11-26 00:25:51.183  INFO 1756 --- [http-nio-8081-exec-1] o.s.web.servlet.DispatcherServlet        : Initializing Servlet 'dispatcherServlet'
2023-11-26 00:25:51.184  INFO 1756 --- [http-nio-8081-exec-1] o.s.web.servlet.DispatcherServlet        : Completed initialization in 1 ms
2023-11-26 00:25:51.627 DEBUG 1756 --- [http-nio-8081-exec-1] c.e.e.mapper.ThingMapper.insertThing     : ==>  Preparing: insert into thing (name, quantity, unit) values (?, ?, ?);
2023-11-26 00:25:51.642 DEBUG 1756 --- [http-nio-8081-exec-1] c.e.e.mapper.ThingMapper.insertThing     : ==> Parameters: 花瓶(String), 10(Integer), 个(String)
2023-11-26 00:25:51.652 DEBUG 1756 --- [http-nio-8081-exec-1] c.e.e.mapper.ThingMapper.insertThing     : <==    Updates: 1
2023-11-26 00:25:51.655 DEBUG 1756 --- [http-nio-8081-exec-1] c.e.exp02.mapper.ThingMapper.findId      : ==>  Preparing: SELECT id FROM thing WHERE name = ?
2023-11-26 00:25:51.655 DEBUG 1756 --- [http-nio-8081-exec-1] c.e.exp02.mapper.ThingMapper.findId      : ==> Parameters: 花瓶(String)
2023-11-26 00:25:51.664 DEBUG 1756 --- [http-nio-8081-exec-1] c.e.exp02.mapper.ThingMapper.findId      : <==      Total: 1
2023-11-26 00:31:00.749  INFO 1756 --- [SpringApplicationShutdownHook] com.alibaba.druid.pool.DruidDataSource   : {dataSource-1} closing ...
2023-11-26 00:31:00.751  INFO 1756 --- [SpringApplicationShutdownHook] com.alibaba.druid.pool.DruidDataSource   : {dataSource-1} closed
2023-11-26 00:31:06.539  INFO 15024 --- [main] com.example.exp02.Exp02Application       : Starting Exp02Application using Java 1.8.0_341 on DESKTOP-IP2540A with PID 15024 (C:\Users\11064\Desktop\Experiment-SOA-master\exp-02\target\classes started by 11064 in C:\Users\11064\Desktop\Experiment-SOA-master\exp-02)
2023-11-26 00:31:06.540 DEBUG 15024 --- [main] com.example.exp02.Exp02Application       : Running with Spring Boot v2.7.17, Spring v5.3.30
2023-11-26 00:31:06.541  INFO 15024 --- [main] com.example.exp02.Exp02Application       : No active profile set, falling back to 1 default profile: "default"
2023-11-26 00:31:07.475  INFO 15024 --- [main] o.s.b.w.embedded.tomcat.TomcatWebServer  : Tomcat initialized with port(s): 8081 (http)
2023-11-26 00:31:07.481  INFO 15024 --- [main] o.apache.catalina.core.StandardService   : Starting service [Tomcat]
2023-11-26 00:31:07.482  INFO 15024 --- [main] org.apache.catalina.core.StandardEngine  : Starting Servlet engine: [Apache Tomcat/9.0.82]
2023-11-26 00:31:07.596  INFO 15024 --- [main] o.a.c.c.C.[Tomcat].[localhost].[/]       : Initializing Spring embedded WebApplicationContext
2023-11-26 00:31:07.597  INFO 15024 --- [main] w.s.c.ServletWebServerApplicationContext : Root WebApplicationContext: initialization completed in 1027 ms
2023-11-26 00:31:07.647  INFO 15024 --- [main] c.a.d.s.b.a.DruidDataSourceAutoConfigure : Init DruidDataSource
2023-11-26 00:31:07.765  INFO 15024 --- [main] com.alibaba.druid.pool.DruidDataSource   : {dataSource-1} inited
2023-11-26 00:31:08.284  INFO 15024 --- [main] o.s.b.w.embedded.tomcat.TomcatWebServer  : Tomcat started on port(s): 8081 (http) with context path ''
2023-11-26 00:31:08.395  INFO 15024 --- [main] com.example.exp02.Exp02Application       : Started Exp02Application in 2.147 seconds (JVM running for 2.793)
2023-11-26 00:31:31.332  INFO 15024 --- [http-nio-8081-exec-1] o.a.c.c.C.[Tomcat].[localhost].[/]       : Initializing Spring DispatcherServlet 'dispatcherServlet'
2023-11-26 00:31:31.333  INFO 15024 --- [http-nio-8081-exec-1] o.s.web.servlet.DispatcherServlet        : Initializing Servlet 'dispatcherServlet'
2023-11-26 00:31:31.334  INFO 15024 --- [http-nio-8081-exec-1] o.s.web.servlet.DispatcherServlet        : Completed initialization in 1 ms
2023-11-26 00:31:31.784 DEBUG 15024 --- [http-nio-8081-exec-1] c.e.e.m.ThingMapper.updateThingById      : ==>  Preparing: UPDATE thing SET name = ?, quantity = ?, unit = ? WHERE id = ?
2023-11-26 00:31:31.798 DEBUG 15024 --- [http-nio-8081-exec-1] c.e.e.m.ThingMapper.updateThingById      : ==> Parameters: 花瓶(String), 12(Integer), 个(String), 4(Integer)
2023-11-26 00:31:31.807 DEBUG 15024 --- [http-nio-8081-exec-1] c.e.e.m.ThingMapper.updateThingById      : <==    Updates: 1
2023-11-26 00:35:04.984  INFO 15024 --- [SpringApplicationShutdownHook] com.alibaba.druid.pool.DruidDataSource   : {dataSource-1} closing ...
2023-11-26 00:35:04.987  INFO 15024 --- [SpringApplicationShutdownHook] com.alibaba.druid.pool.DruidDataSource   : {dataSource-1} closed
2023-11-26 00:35:11.237  INFO 2540 --- [main] com.example.exp02.Exp02Application       : Starting Exp02Application using Java 1.8.0_341 on DESKTOP-IP2540A with PID 2540 (C:\Users\11064\Desktop\Experiment-SOA-master\exp-02\target\classes started by 11064 in C:\Users\11064\Desktop\Experiment-SOA-master\exp-02)
2023-11-26 00:35:11.240 DEBUG 2540 --- [main] com.example.exp02.Exp02Application       : Running with Spring Boot v2.7.17, Spring v5.3.30
2023-11-26 00:35:11.240  INFO 2540 --- [main] com.example.exp02.Exp02Application       : No active profile set, falling back to 1 default profile: "default"
2023-11-26 00:35:12.180  INFO 2540 --- [main] o.s.b.w.embedded.tomcat.TomcatWebServer  : Tomcat initialized with port(s): 8081 (http)
2023-11-26 00:35:12.186  INFO 2540 --- [main] o.apache.catalina.core.StandardService   : Starting service [Tomcat]
2023-11-26 00:35:12.186  INFO 2540 --- [main] org.apache.catalina.core.StandardEngine  : Starting Servlet engine: [Apache Tomcat/9.0.82]
2023-11-26 00:35:12.300  INFO 2540 --- [main] o.a.c.c.C.[Tomcat].[localhost].[/]       : Initializing Spring embedded WebApplicationContext
2023-11-26 00:35:12.300  INFO 2540 --- [main] w.s.c.ServletWebServerApplicationContext : Root WebApplicationContext: initialization completed in 1029 ms
2023-11-26 00:35:12.353  INFO 2540 --- [main] c.a.d.s.b.a.DruidDataSourceAutoConfigure : Init DruidDataSource
2023-11-26 00:35:12.469  INFO 2540 --- [main] com.alibaba.druid.pool.DruidDataSource   : {dataSource-1} inited
2023-11-26 00:35:12.999  INFO 2540 --- [main] o.s.b.w.embedded.tomcat.TomcatWebServer  : Tomcat started on port(s): 8081 (http) with context path ''
2023-11-26 00:35:13.107  INFO 2540 --- [main] com.example.exp02.Exp02Application       : Started Exp02Application in 2.171 seconds (JVM running for 2.828)
2023-11-26 00:35:24.847  INFO 2540 --- [http-nio-8081-exec-1] o.a.c.c.C.[Tomcat].[localhost].[/]       : Initializing Spring DispatcherServlet 'dispatcherServlet'
2023-11-26 00:35:24.847  INFO 2540 --- [http-nio-8081-exec-1] o.s.web.servlet.DispatcherServlet        : Initializing Servlet 'dispatcherServlet'
2023-11-26 00:35:24.849  INFO 2540 --- [http-nio-8081-exec-1] o.s.web.servlet.DispatcherServlet        : Completed initialization in 1 ms
2023-11-26 00:35:25.281 DEBUG 2540 --- [http-nio-8081-exec-1] c.e.e.m.ThingMapper.deleteThingById      : ==>  Preparing: DELETE FROM thing WHERE id = ?
2023-11-26 00:35:25.295 DEBUG 2540 --- [http-nio-8081-exec-1] c.e.e.m.ThingMapper.deleteThingById      : ==> Parameters: 4(Integer)
2023-11-26 00:35:25.305 DEBUG 2540 --- [http-nio-8081-exec-1] c.e.e.m.ThingMapper.deleteThingById      : <==    Updates: 1
2023-11-26 00:38:17.100  INFO 2540 --- [SpringApplicationShutdownHook] com.alibaba.druid.pool.DruidDataSource   : {dataSource-1} closing ...
2023-11-26 00:38:17.103  INFO 2540 --- [SpringApplicationShutdownHook] com.alibaba.druid.pool.DruidDataSource   : {dataSource-1} closed
2023-11-26 00:38:19.446  INFO 2436 --- [main] com.example.exp02.Exp02Application       : Starting Exp02Application using Java 1.8.0_341 on DESKTOP-IP2540A with PID 2436 (C:\Users\11064\Desktop\Experiment-SOA-master\exp-02\target\classes started by 11064 in C:\Users\11064\Desktop\Experiment-SOA-master\exp-02)
2023-11-26 00:38:19.448 DEBUG 2436 --- [main] com.example.exp02.Exp02Application       : Running with Spring Boot v2.7.17, Spring v5.3.30
2023-11-26 00:38:19.448  INFO 2436 --- [main] com.example.exp02.Exp02Application       : No active profile set, falling back to 1 default profile: "default"
2023-11-26 00:38:20.350  INFO 2436 --- [main] o.s.b.w.embedded.tomcat.TomcatWebServer  : Tomcat initialized with port(s): 8081 (http)
2023-11-26 00:38:20.356  INFO 2436 --- [main] o.apache.catalina.core.StandardService   : Starting service [Tomcat]
2023-11-26 00:38:20.356  INFO 2436 --- [main] org.apache.catalina.core.StandardEngine  : Starting Servlet engine: [Apache Tomcat/9.0.82]
2023-11-26 00:38:20.469  INFO 2436 --- [main] o.a.c.c.C.[Tomcat].[localhost].[/]       : Initializing Spring embedded WebApplicationContext
2023-11-26 00:38:20.470  INFO 2436 --- [main] w.s.c.ServletWebServerApplicationContext : Root WebApplicationContext: initialization completed in 996 ms
2023-11-26 00:38:20.518  INFO 2436 --- [main] c.a.d.s.b.a.DruidDataSourceAutoConfigure : Init DruidDataSource
2023-11-26 00:38:20.632  INFO 2436 --- [main] com.alibaba.druid.pool.DruidDataSource   : {dataSource-1} inited
2023-11-26 00:38:21.130  INFO 2436 --- [main] o.s.b.w.embedded.tomcat.TomcatWebServer  : Tomcat started on port(s): 8081 (http) with context path ''
2023-11-26 00:38:21.241  INFO 2436 --- [main] com.example.exp02.Exp02Application       : Started Exp02Application in 2.081 seconds (JVM running for 2.765)
2023-11-26 00:38:30.693  INFO 2436 --- [http-nio-8081-exec-1] o.a.c.c.C.[Tomcat].[localhost].[/]       : Initializing Spring DispatcherServlet 'dispatcherServlet'
2023-11-26 00:38:30.693  INFO 2436 --- [http-nio-8081-exec-1] o.s.web.servlet.DispatcherServlet        : Initializing Servlet 'dispatcherServlet'
2023-11-26 00:38:30.694  INFO 2436 --- [http-nio-8081-exec-1] o.s.web.servlet.DispatcherServlet        : Completed initialization in 1 ms
2023-11-26 00:40:03.661  INFO 2436 --- [SpringApplicationShutdownHook] com.alibaba.druid.pool.DruidDataSource   : {dataSource-1} closing ...
2023-11-26 00:40:03.662  INFO 2436 --- [SpringApplicationShutdownHook] com.alibaba.druid.pool.DruidDataSource   : {dataSource-1} closed
2023-11-26 00:40:08.325  INFO 5424 --- [main] com.example.exp02.Exp02Application       : Starting Exp02Application using Java 1.8.0_341 on DESKTOP-IP2540A with PID 5424 (C:\Users\11064\Desktop\Experiment-SOA-master\exp-02\target\classes started by 11064 in C:\Users\11064\Desktop\Experiment-SOA-master\exp-02)
2023-11-26 00:40:08.327 DEBUG 5424 --- [main] com.example.exp02.Exp02Application       : Running with Spring Boot v2.7.17, Spring v5.3.30
2023-11-26 00:40:08.328  INFO 5424 --- [main] com.example.exp02.Exp02Application       : No active profile set, falling back to 1 default profile: "default"
2023-11-26 00:40:09.243  INFO 5424 --- [main] o.s.b.w.embedded.tomcat.TomcatWebServer  : Tomcat initialized with port(s): 8081 (http)
2023-11-26 00:40:09.248  INFO 5424 --- [main] o.apache.catalina.core.StandardService   : Starting service [Tomcat]
2023-11-26 00:40:09.249  INFO 5424 --- [main] org.apache.catalina.core.StandardEngine  : Starting Servlet engine: [Apache Tomcat/9.0.82]
2023-11-26 00:40:09.357  INFO 5424 --- [main] o.a.c.c.C.[Tomcat].[localhost].[/]       : Initializing Spring embedded WebApplicationContext
2023-11-26 00:40:09.358  INFO 5424 --- [main] w.s.c.ServletWebServerApplicationContext : Root WebApplicationContext: initialization completed in 1002 ms
2023-11-26 00:40:09.404  INFO 5424 --- [main] c.a.d.s.b.a.DruidDataSourceAutoConfigure : Init DruidDataSource
2023-11-26 00:40:09.518  INFO 5424 --- [main] com.alibaba.druid.pool.DruidDataSource   : {dataSource-1} inited
2023-11-26 00:40:10.037  INFO 5424 --- [main] o.s.b.w.embedded.tomcat.TomcatWebServer  : Tomcat started on port(s): 8081 (http) with context path ''
2023-11-26 00:40:10.158  INFO 5424 --- [main] com.example.exp02.Exp02Application       : Started Exp02Application in 2.114 seconds (JVM running for 2.741)
2023-11-26 00:40:12.089  INFO 5424 --- [http-nio-8081-exec-1] o.a.c.c.C.[Tomcat].[localhost].[/]       : Initializing Spring DispatcherServlet 'dispatcherServlet'
2023-11-26 00:40:12.089  INFO 5424 --- [http-nio-8081-exec-1] o.s.web.servlet.DispatcherServlet        : Initializing Servlet 'dispatcherServlet'
2023-11-26 00:40:12.090  INFO 5424 --- [http-nio-8081-exec-1] o.s.web.servlet.DispatcherServlet        : Completed initialization in 1 ms
2023-11-26 00:40:31.309 DEBUG 5424 --- [http-nio-8081-exec-3] c.e.exp02.mapper.ThingMapper.findThing   : ==>  Preparing: select * from thing
2023-11-26 00:40:31.318 DEBUG 5424 --- [http-nio-8081-exec-3] c.e.exp02.mapper.ThingMapper.findThing   : ==> Parameters: 
2023-11-26 00:40:31.329 DEBUG 5424 --- [http-nio-8081-exec-3] c.e.exp02.mapper.ThingMapper.findThing   : <==      Total: 3
2023-11-26 00:41:05.156  INFO 5424 --- [SpringApplicationShutdownHook] com.alibaba.druid.pool.DruidDataSource   : {dataSource-1} closing ...
2023-11-26 00:41:05.158  INFO 5424 --- [SpringApplicationShutdownHook] com.alibaba.druid.pool.DruidDataSource   : {dataSource-1} closed
2023-11-26 00:41:09.698  INFO 12408 --- [main] com.example.exp02.Exp02Application       : Starting Exp02Application using Java 1.8.0_341 on DESKTOP-IP2540A with PID 12408 (C:\Users\11064\Desktop\Experiment-SOA-master\exp-02\target\classes started by 11064 in C:\Users\11064\Desktop\Experiment-SOA-master\exp-02)
2023-11-26 00:41:09.700 DEBUG 12408 --- [main] com.example.exp02.Exp02Application       : Running with Spring Boot v2.7.17, Spring v5.3.30
2023-11-26 00:41:09.701  INFO 12408 --- [main] com.example.exp02.Exp02Application       : No active profile set, falling back to 1 default profile: "default"
2023-11-26 00:41:10.585  INFO 12408 --- [main] o.s.b.w.embedded.tomcat.TomcatWebServer  : Tomcat initialized with port(s): 8081 (http)
2023-11-26 00:41:10.592  INFO 12408 --- [main] o.apache.catalina.core.StandardService   : Starting service [Tomcat]
2023-11-26 00:41:10.592  INFO 12408 --- [main] org.apache.catalina.core.StandardEngine  : Starting Servlet engine: [Apache Tomcat/9.0.82]
2023-11-26 00:41:10.701  INFO 12408 --- [main] o.a.c.c.C.[Tomcat].[localhost].[/]       : Initializing Spring embedded WebApplicationContext
2023-11-26 00:41:10.701  INFO 12408 --- [main] w.s.c.ServletWebServerApplicationContext : Root WebApplicationContext: initialization completed in 972 ms
2023-11-26 00:41:10.748  INFO 12408 --- [main] c.a.d.s.b.a.DruidDataSourceAutoConfigure : Init DruidDataSource
2023-11-26 00:41:10.862  INFO 12408 --- [main] com.alibaba.druid.pool.DruidDataSource   : {dataSource-1} inited
2023-11-26 00:41:11.344  INFO 12408 --- [main] o.s.b.w.embedded.tomcat.TomcatWebServer  : Tomcat started on port(s): 8081 (http) with context path ''
2023-11-26 00:41:11.460  INFO 12408 --- [main] com.example.exp02.Exp02Application       : Started Exp02Application in 2.042 seconds (JVM running for 2.658)
2023-11-26 00:41:16.688  INFO 12408 --- [http-nio-8081-exec-1] o.a.c.c.C.[Tomcat].[localhost].[/]       : Initializing Spring DispatcherServlet 'dispatcherServlet'
2023-11-26 00:41:16.688  INFO 12408 --- [http-nio-8081-exec-1] o.s.web.servlet.DispatcherServlet        : Initializing Servlet 'dispatcherServlet'
2023-11-26 00:41:16.689  INFO 12408 --- [http-nio-8081-exec-1] o.s.web.servlet.DispatcherServlet        : Completed initialization in 0 ms
2023-11-26 00:42:12.257  INFO 12408 --- [SpringApplicationShutdownHook] com.alibaba.druid.pool.DruidDataSource   : {dataSource-1} closing ...
2023-11-26 00:42:12.258  INFO 12408 --- [SpringApplicationShutdownHook] com.alibaba.druid.pool.DruidDataSource   : {dataSource-1} closed
2023-11-26 00:42:16.871  INFO 6868 --- [main] com.example.exp02.Exp02Application       : Starting Exp02Application using Java 1.8.0_341 on DESKTOP-IP2540A with PID 6868 (C:\Users\11064\Desktop\Experiment-SOA-master\exp-02\target\classes started by 11064 in C:\Users\11064\Desktop\Experiment-SOA-master\exp-02)
2023-11-26 00:42:16.873 DEBUG 6868 --- [main] com.example.exp02.Exp02Application       : Running with Spring Boot v2.7.17, Spring v5.3.30
2023-11-26 00:42:16.873  INFO 6868 --- [main] com.example.exp02.Exp02Application       : No active profile set, falling back to 1 default profile: "default"
2023-11-26 00:42:17.735  INFO 6868 --- [main] o.s.b.w.embedded.tomcat.TomcatWebServer  : Tomcat initialized with port(s): 8081 (http)
2023-11-26 00:42:17.741  INFO 6868 --- [main] o.apache.catalina.core.StandardService   : Starting service [Tomcat]
2023-11-26 00:42:17.741  INFO 6868 --- [main] org.apache.catalina.core.StandardEngine  : Starting Servlet engine: [Apache Tomcat/9.0.82]
2023-11-26 00:42:17.850  INFO 6868 --- [main] o.a.c.c.C.[Tomcat].[localhost].[/]       : Initializing Spring embedded WebApplicationContext
2023-11-26 00:42:17.850  INFO 6868 --- [main] w.s.c.ServletWebServerApplicationContext : Root WebApplicationContext: initialization completed in 951 ms
2023-11-26 00:42:17.897  INFO 6868 --- [main] c.a.d.s.b.a.DruidDataSourceAutoConfigure : Init DruidDataSource
2023-11-26 00:42:18.018  INFO 6868 --- [main] com.alibaba.druid.pool.DruidDataSource   : {dataSource-1} inited
2023-11-26 00:42:18.515  INFO 6868 --- [main] o.s.b.w.embedded.tomcat.TomcatWebServer  : Tomcat started on port(s): 8081 (http) with context path ''
2023-11-26 00:42:18.652  INFO 6868 --- [main] com.example.exp02.Exp02Application       : Started Exp02Application in 2.046 seconds (JVM running for 2.654)
2023-11-26 00:42:23.312  INFO 6868 --- [http-nio-8081-exec-1] o.a.c.c.C.[Tomcat].[localhost].[/]       : Initializing Spring DispatcherServlet 'dispatcherServlet'
2023-11-26 00:42:23.313  INFO 6868 --- [http-nio-8081-exec-1] o.s.web.servlet.DispatcherServlet        : Initializing Servlet 'dispatcherServlet'
2023-11-26 00:42:23.314  INFO 6868 --- [http-nio-8081-exec-1] o.s.web.servlet.DispatcherServlet        : Completed initialization in 1 ms
2023-11-26 00:42:50.197  INFO 6868 --- [SpringApplicationShutdownHook] com.alibaba.druid.pool.DruidDataSource   : {dataSource-1} closing ...
2023-11-26 00:42:50.198  INFO 6868 --- [SpringApplicationShutdownHook] com.alibaba.druid.pool.DruidDataSource   : {dataSource-1} closed
2023-11-26 00:42:54.805  INFO 23036 --- [main] com.example.exp02.Exp02Application       : Starting Exp02Application using Java 1.8.0_341 on DESKTOP-IP2540A with PID 23036 (C:\Users\11064\Desktop\Experiment-SOA-master\exp-02\target\classes started by 11064 in C:\Users\11064\Desktop\Experiment-SOA-master\exp-02)
2023-11-26 00:42:54.806 DEBUG 23036 --- [main] com.example.exp02.Exp02Application       : Running with Spring Boot v2.7.17, Spring v5.3.30
2023-11-26 00:42:54.807  INFO 23036 --- [main] com.example.exp02.Exp02Application       : No active profile set, falling back to 1 default profile: "default"
2023-11-26 00:42:55.740  INFO 23036 --- [main] o.s.b.w.embedded.tomcat.TomcatWebServer  : Tomcat initialized with port(s): 8081 (http)
2023-11-26 00:42:55.746  INFO 23036 --- [main] o.apache.catalina.core.StandardService   : Starting service [Tomcat]
2023-11-26 00:42:55.746  INFO 23036 --- [main] org.apache.catalina.core.StandardEngine  : Starting Servlet engine: [Apache Tomcat/9.0.82]
2023-11-26 00:42:55.861  INFO 23036 --- [main] o.a.c.c.C.[Tomcat].[localhost].[/]       : Initializing Spring embedded WebApplicationContext
2023-11-26 00:42:55.862  INFO 23036 --- [main] w.s.c.ServletWebServerApplicationContext : Root WebApplicationContext: initialization completed in 1026 ms
2023-11-26 00:42:55.913  INFO 23036 --- [main] c.a.d.s.b.a.DruidDataSourceAutoConfigure : Init DruidDataSource
2023-11-26 00:42:56.031  INFO 23036 --- [main] com.alibaba.druid.pool.DruidDataSource   : {dataSource-1} inited
2023-11-26 00:42:56.544  INFO 23036 --- [main] o.s.b.w.embedded.tomcat.TomcatWebServer  : Tomcat started on port(s): 8081 (http) with context path ''
2023-11-26 00:42:56.675  INFO 23036 --- [main] com.example.exp02.Exp02Application       : Started Exp02Application in 2.159 seconds (JVM running for 2.791)
2023-11-26 00:42:58.784  INFO 23036 --- [http-nio-8081-exec-1] o.a.c.c.C.[Tomcat].[localhost].[/]       : Initializing Spring DispatcherServlet 'dispatcherServlet'
2023-11-26 00:42:58.784  INFO 23036 --- [http-nio-8081-exec-1] o.s.web.servlet.DispatcherServlet        : Initializing Servlet 'dispatcherServlet'
2023-11-26 00:42:58.785  INFO 23036 --- [http-nio-8081-exec-1] o.s.web.servlet.DispatcherServlet        : Completed initialization in 1 ms
2023-11-26 00:45:30.029  INFO 23036 --- [SpringApplicationShutdownHook] com.alibaba.druid.pool.DruidDataSource   : {dataSource-1} closing ...
2023-11-26 00:45:30.030  INFO 23036 --- [SpringApplicationShutdownHook] com.alibaba.druid.pool.DruidDataSource   : {dataSource-1} closed
